SF:lib/data/models/user_detail_model.dart
DA:4,3
DA:16,1
DA:29,1
DA:30,1
DA:31,1
DA:32,1
DA:33,1
DA:34,1
DA:35,1
DA:36,1
DA:37,1
DA:38,1
DA:39,1
DA:40,1
DA:41,1
LF:15
LH:15
end_of_record
SF:lib/domain/entities/user_detail.dart
DA:16,4
DA:28,1
DA:30,1
DA:31,1
DA:32,1
DA:33,1
DA:34,1
DA:35,1
DA:36,1
DA:37,1
DA:38,1
DA:39,1
DA:40,1
DA:41,1
LF:14
LH:14
end_of_record
SF:lib/data/models/user_model.dart
DA:5,3
DA:11,1
DA:14,1
DA:15,1
DA:16,1
DA:17,1
DA:18,1
DA:19,1
DA:20,1
DA:27,3
DA:28,1
DA:30,1
DA:31,1
DA:32,4
DA:34,2
LF:15
LH:15
end_of_record
SF:lib/domain/entities/user.dart
DA:10,4
DA:18,1
DA:19,6
LF:3
LH:3
end_of_record
SF:lib/core/failures.dart
DA:4,1
DA:5,1
LF:2
LH:2
end_of_record
SF:lib/domain/entities/user_paged_item.dart
DA:8,4
DA:10,0
DA:11,0
LF:3
LH:1
end_of_record
SF:lib/data/repositories/github_user_repository_impl.dart
DA:14,1
DA:18,1
DA:19,3
DA:21,4
DA:22,1
DA:23,2
DA:26,2
DA:30,1
DA:32,3
DA:34,4
DA:35,1
DA:36,2
DA:39,2
LF:13
LH:13
end_of_record
SF:lib/domain/usecases/get_user_detail.dart
DA:10,1
DA:13,1
DA:14,4
DA:21,1
LF:4
LH:4
end_of_record
SF:lib/core/usecase.dart
DA:10,0
DA:11,0
LF:2
LH:0
end_of_record
SF:lib/domain/usecases/search_users.dart
DA:10,1
DA:13,1
DA:14,5
DA:22,1
LF:4
LH:4
end_of_record
