SF:lib/core/flatform/network_info.dart
DA:10,1
DA:13,4
LF:2
LH:2
end_of_record
SF:lib/data/datasources/github_user_remote_data_source.dart
DA:19,1
DA:22,1
DA:23,3
DA:25,4
DA:26,2
DA:27,1
DA:29,3
DA:33,1
DA:34,1
DA:36,1
DA:37,1
DA:40,2
DA:41,3
DA:43,4
DA:45,2
DA:46,3
DA:48,1
LF:17
LH:17
end_of_record
SF:lib/data/models/user_detail_model.dart
DA:4,4
DA:16,2
DA:29,2
DA:30,2
DA:31,2
DA:32,2
DA:33,2
DA:34,2
DA:35,2
DA:36,2
DA:37,2
DA:38,2
DA:39,2
DA:40,2
DA:41,2
LF:15
LH:15
end_of_record
SF:lib/data/models/user_model.dart
DA:5,4
DA:11,2
DA:14,2
DA:15,2
DA:16,2
DA:17,2
DA:18,2
DA:19,4
DA:20,2
DA:27,4
DA:28,2
DA:30,2
DA:31,2
DA:32,8
DA:34,4
LF:15
LH:15
end_of_record
SF:lib/core/failures.dart
DA:4,1
DA:5,1
LF:2
LH:2
end_of_record
SF:lib/core/usecase.dart
DA:10,0
DA:11,0
LF:2
LH:0
end_of_record
SF:lib/domain/entities/user.dart
DA:10,5
DA:18,2
DA:19,12
LF:3
LH:3
end_of_record
SF:lib/domain/entities/user_detail.dart
DA:16,5
DA:28,2
DA:30,2
DA:31,2
DA:32,2
DA:33,2
DA:34,2
DA:35,2
DA:36,2
DA:37,2
DA:38,2
DA:39,2
DA:40,2
DA:41,2
LF:14
LH:14
end_of_record
SF:lib/domain/entities/user_paged_item.dart
DA:8,6
DA:10,1
DA:11,3
LF:3
LH:3
end_of_record
SF:lib/domain/usecases/search_users.dart
DA:11,1
DA:14,1
DA:15,5
DA:23,3
DA:25,1
DA:26,3
LF:6
LH:6
end_of_record
SF:lib/presentation/bloc/search_users_state.dart
DA:4,2
DA:6,1
DA:7,1
DA:17,2
DA:19,1
DA:20,1
DA:22,1
DA:23,3
DA:29,2
DA:31,1
DA:32,2
LF:11
LH:11
end_of_record
SF:lib/presentation/bloc/search_users_event.dart
DA:4,1
DA:10,1
DA:12,0
DA:13,0
DA:15,0
DA:16,0
LF:6
LH:2
end_of_record
SF:lib/presentation/bloc/search_users_bloc.dart
DA:19,1
DA:20,3
DA:26,3
DA:27,3
DA:30,1
DA:34,1
DA:36,3
DA:38,2
DA:40,1
DA:41,3
DA:43,2
DA:45,1
DA:48,2
DA:49,1
DA:50,3
LF:15
LH:15
end_of_record
SF:lib/data/repositories/github_user_repository_impl.dart
DA:14,1
DA:18,1
DA:19,3
DA:21,4
DA:22,1
DA:23,2
DA:26,2
DA:30,1
DA:32,3
DA:34,4
DA:35,1
DA:36,2
DA:39,2
LF:13
LH:13
end_of_record
SF:lib/domain/usecases/get_user_detail.dart
DA:10,1
DA:13,1
DA:14,4
DA:21,1
LF:4
LH:4
end_of_record
